<?xml version="1.0" encoding="UTF-8"?>
<robot generator="Robot 4.1.2 (Python 3.10.0 on win32)" generated="20211030 12:42:33.994" rpa="false" schemaversion="2">
<suite id="s1" name="Webautomation" source="C:\Users\fabia\Desktop\Prime Hero - Curso\tests\webautomation.robot">
<test id="s1-t1" name="Caso de Teste 04: Adicionar Cliente">
<kw name="Abrir navegador" type="SETUP">
<kw name="Open Browser" library="SeleniumLibrary">
<arg>browser=${BROWSER}</arg>
<doc>Opens a new browser instance to the optional ``url``.</doc>
<msg timestamp="20211030 12:42:36.218" level="INFO">Opening browser 'gc' to base url 'None'.</msg>
<status status="PASS" starttime="20211030 12:42:36.170" endtime="20211030 12:42:41.236"/>
</kw>
<kw name="Maximize Browser Window" library="SeleniumLibrary">
<doc>Maximizes current browser window.</doc>
<status status="PASS" starttime="20211030 12:42:41.238" endtime="20211030 12:42:42.302"/>
</kw>
<status status="PASS" starttime="20211030 12:42:36.146" endtime="20211030 12:42:42.303"/>
</kw>
<kw name="Acessar a página home do site Automation Practice">
<kw name="Go To" library="SeleniumLibrary">
<arg>${URL}</arg>
<doc>Navigates the current browser window to the provided ``url``.</doc>
<msg timestamp="20211030 12:42:42.328" level="INFO">Opening url 'http://automationpractice.com/index.php'</msg>
<status status="PASS" starttime="20211030 12:42:42.326" endtime="20211030 12:42:51.323"/>
</kw>
<kw name="Title Should Be" library="SeleniumLibrary">
<arg>My Store</arg>
<doc>Verifies that the current page title equals ``title``.</doc>
<msg timestamp="20211030 12:42:51.355" level="INFO">Page title is 'My Store'.</msg>
<status status="PASS" starttime="20211030 12:42:51.324" endtime="20211030 12:42:51.356"/>
</kw>
<kw name="Wait Until Element Is Visible" library="SeleniumLibrary">
<arg>id=block_top_menu</arg>
<doc>Waits until the element ``locator`` is visible.</doc>
<status status="PASS" starttime="20211030 12:42:51.356" endtime="20211030 12:42:51.471"/>
</kw>
<status status="PASS" starttime="20211030 12:42:42.323" endtime="20211030 12:42:51.473"/>
</kw>
<kw name="Clicar em &quot;Sing in&quot;">
<kw name="Wait Until Element Is Visible" library="SeleniumLibrary">
<arg>xpath=//*[@id="header"]/div[2]/div/div/nav/div[1]/a</arg>
<doc>Waits until the element ``locator`` is visible.</doc>
<status status="PASS" starttime="20211030 12:42:51.513" endtime="20211030 12:42:51.817"/>
</kw>
<kw name="Click Element" library="SeleniumLibrary">
<arg>xpath=//*[@id="header"]/div[2]/div/div/nav/div[1]/a</arg>
<doc>Click the element identified by ``locator``.</doc>
<msg timestamp="20211030 12:42:51.820" level="INFO">Clicking element 'xpath=//*[@id="header"]/div[2]/div/div/nav/div[1]/a'.</msg>
<status status="PASS" starttime="20211030 12:42:51.819" endtime="20211030 12:42:55.631"/>
</kw>
<status status="PASS" starttime="20211030 12:42:51.511" endtime="20211030 12:42:55.631"/>
</kw>
<kw name="Informar um email válido">
<kw name="Title Should Be" library="SeleniumLibrary">
<arg>Login - My Store</arg>
<doc>Verifies that the current page title equals ``title``.</doc>
<msg timestamp="20211030 12:42:55.659" level="INFO">Page title is 'Login - My Store'.</msg>
<status status="PASS" starttime="20211030 12:42:55.636" endtime="20211030 12:42:55.660"/>
</kw>
<kw name="Wait Until Element Is Visible" library="SeleniumLibrary">
<arg>id=email_create</arg>
<doc>Waits until the element ``locator`` is visible.</doc>
<status status="PASS" starttime="20211030 12:42:55.661" endtime="20211030 12:42:55.760"/>
</kw>
<kw name="Input Text" library="SeleniumLibrary">
<arg>id=email_create</arg>
<arg>${PESSOA.nome}.${PESSOA.sobrenome}.${PESSOA.aano}@gmail.com</arg>
<doc>Types the given ``text`` into the text field identified by ``locator``.</doc>
<msg timestamp="20211030 12:42:55.777" level="INFO">Typing text 'Fabiano.Corrêa.2000@gmail.com' into text field 'id=email_create'.</msg>
<status status="PASS" starttime="20211030 12:42:55.761" endtime="20211030 12:42:56.668"/>
</kw>
<status status="PASS" starttime="20211030 12:42:55.635" endtime="20211030 12:42:56.669"/>
</kw>
<kw name="clicar em &quot;Create an account&quot;">
<kw name="Click Element" library="SeleniumLibrary">
<arg>id=SubmitCreate</arg>
<doc>Click the element identified by ``locator``.</doc>
<msg timestamp="20211030 12:42:56.684" level="INFO">Clicking element 'id=SubmitCreate'.</msg>
<status status="PASS" starttime="20211030 12:42:56.682" endtime="20211030 12:42:57.033"/>
</kw>
<status status="PASS" starttime="20211030 12:42:56.681" endtime="20211030 12:42:57.035"/>
</kw>
<kw name="Preencher os dados obrigatórios">
<kw name="Wait Until Element Is Visible" library="SeleniumLibrary">
<arg>xpath=//*[@id="account-creation_form"]/div[1]/h3</arg>
<doc>Waits until the element ``locator`` is visible.</doc>
<status status="PASS" starttime="20211030 12:42:57.041" endtime="20211030 12:42:58.599"/>
</kw>
<kw name="Click Element" library="SeleniumLibrary">
<arg>xpath=//*[@id="id_gender1"]</arg>
<doc>Click the element identified by ``locator``.</doc>
<msg timestamp="20211030 12:42:58.601" level="INFO">Clicking element 'xpath=//*[@id="id_gender1"]'.</msg>
<status status="PASS" starttime="20211030 12:42:58.599" endtime="20211030 12:42:59.497"/>
</kw>
<kw name="Input Text" library="SeleniumLibrary">
<arg>id=customer_firstname</arg>
<arg>${PESSOA.nome}</arg>
<doc>Types the given ``text`` into the text field identified by ``locator``.</doc>
<msg timestamp="20211030 12:42:59.502" level="INFO">Typing text 'Fabiano' into text field 'id=customer_firstname'.</msg>
<status status="PASS" starttime="20211030 12:42:59.498" endtime="20211030 12:43:00.197"/>
</kw>
<kw name="Input Text" library="SeleniumLibrary">
<arg>id=customer_lastname</arg>
<arg>${PESSOA.sobrenome}</arg>
<doc>Types the given ``text`` into the text field identified by ``locator``.</doc>
<msg timestamp="20211030 12:43:00.202" level="INFO">Typing text 'Corrêa' into text field 'id=customer_lastname'.</msg>
<status status="PASS" starttime="20211030 12:43:00.199" endtime="20211030 12:43:00.942"/>
</kw>
<kw name="Input Text" library="SeleniumLibrary">
<arg>id=passwd</arg>
<arg>${PESSOA.senha}</arg>
<doc>Types the given ``text`` into the text field identified by ``locator``.</doc>
<msg timestamp="20211030 12:43:00.947" level="INFO">Typing text '123456' into text field 'id=passwd'.</msg>
<status status="PASS" starttime="20211030 12:43:00.943" endtime="20211030 12:43:01.625"/>
</kw>
<kw name="Select From List By Value" library="SeleniumLibrary">
<arg>xpath=//*[@id="days"]</arg>
<arg>${PESSOA.adia}</arg>
<doc>Selects options from selection list ``locator`` by ``values``.</doc>
<msg timestamp="20211030 12:43:01.630" level="INFO">Selecting options from selection list 'xpath=//*[@id="days"]' by value 6.</msg>
<status status="PASS" starttime="20211030 12:43:01.625" endtime="20211030 12:43:02.017"/>
</kw>
<kw name="Select From List By Value" library="SeleniumLibrary">
<arg>xpath=//*[@id="months"]</arg>
<arg>${PESSOA.ames}</arg>
<doc>Selects options from selection list ``locator`` by ``values``.</doc>
<msg timestamp="20211030 12:43:02.022" level="INFO">Selecting options from selection list 'xpath=//*[@id="months"]' by value 3.</msg>
<status status="PASS" starttime="20211030 12:43:02.018" endtime="20211030 12:43:02.441"/>
</kw>
<kw name="Select From List By Value" library="SeleniumLibrary">
<arg>xpath=//*[@id="years"]</arg>
<arg>${PESSOA.aano}</arg>
<doc>Selects options from selection list ``locator`` by ``values``.</doc>
<msg timestamp="20211030 12:43:02.446" level="INFO">Selecting options from selection list 'xpath=//*[@id="years"]' by value 2000.</msg>
<status status="PASS" starttime="20211030 12:43:02.441" endtime="20211030 12:43:02.900"/>
</kw>
<kw name="Input Text" library="SeleniumLibrary">
<arg>id=firstname</arg>
<arg>${PESSOA.nome}</arg>
<doc>Types the given ``text`` into the text field identified by ``locator``.</doc>
<msg timestamp="20211030 12:43:02.906" level="INFO">Typing text 'Fabiano' into text field 'id=firstname'.</msg>
<status status="PASS" starttime="20211030 12:43:02.901" endtime="20211030 12:43:03.508"/>
</kw>
<kw name="Input Text" library="SeleniumLibrary">
<arg>id=lastname</arg>
<arg>${PESSOA.sobrenome}</arg>
<doc>Types the given ``text`` into the text field identified by ``locator``.</doc>
<msg timestamp="20211030 12:43:03.513" level="INFO">Typing text 'Corrêa' into text field 'id=lastname'.</msg>
<status status="PASS" starttime="20211030 12:43:03.509" endtime="20211030 12:43:04.263"/>
</kw>
<kw name="Input Text" library="SeleniumLibrary">
<arg>id=address1</arg>
<arg>${PESSOA.ende}</arg>
<doc>Types the given ``text`` into the text field identified by ``locator``.</doc>
<msg timestamp="20211030 12:43:04.271" level="INFO">Typing text 'R. Lagoa Dourada' into text field 'id=address1'.</msg>
<status status="PASS" starttime="20211030 12:43:04.264" endtime="20211030 12:43:05.020"/>
</kw>
<kw name="Input Text" library="SeleniumLibrary">
<arg>id=address2</arg>
<arg>${PESSOA.comp}</arg>
<doc>Types the given ``text`` into the text field identified by ``locator``.</doc>
<msg timestamp="20211030 12:43:05.025" level="INFO">Typing text 'Casa' into text field 'id=address2'.</msg>
<status status="PASS" starttime="20211030 12:43:05.021" endtime="20211030 12:43:05.775"/>
</kw>
<kw name="Input Text" library="SeleniumLibrary">
<arg>id=city</arg>
<arg>${PESSOA.cidade}</arg>
<doc>Types the given ``text`` into the text field identified by ``locator``.</doc>
<msg timestamp="20211030 12:43:05.780" level="INFO">Typing text 'Curitiba' into text field 'id=city'.</msg>
<status status="PASS" starttime="20211030 12:43:05.775" endtime="20211030 12:43:06.398"/>
</kw>
<kw name="Select From List By Value" library="SeleniumLibrary">
<arg>xpath=//*[@id="id_state"]</arg>
<arg>1</arg>
<doc>Selects options from selection list ``locator`` by ``values``.</doc>
<msg timestamp="20211030 12:43:06.401" level="INFO">Selecting options from selection list 'xpath=//*[@id="id_state"]' by value 1.</msg>
<status status="PASS" starttime="20211030 12:43:06.399" endtime="20211030 12:43:06.816"/>
</kw>
<kw name="Input Text" library="SeleniumLibrary">
<arg>id=postcode</arg>
<arg>${PESSOA.cep}</arg>
<doc>Types the given ``text`` into the text field identified by ``locator``.</doc>
<msg timestamp="20211030 12:43:06.823" level="INFO">Typing text '81240' into text field 'id=postcode'.</msg>
<status status="PASS" starttime="20211030 12:43:06.816" endtime="20211030 12:43:07.428"/>
</kw>
<kw name="Input Text" library="SeleniumLibrary">
<arg>id=phone_mobile</arg>
<arg>${PESSOA.tel}</arg>
<doc>Types the given ``text`` into the text field identified by ``locator``.</doc>
<msg timestamp="20211030 12:43:07.433" level="INFO">Typing text '+55 41 98534-0146' into text field 'id=phone_mobile'.</msg>
<status status="PASS" starttime="20211030 12:43:07.429" endtime="20211030 12:43:08.386"/>
</kw>
<kw name="Click Element" library="SeleniumLibrary">
<arg>id=submitAccount</arg>
<doc>Click the element identified by ``locator``.</doc>
<msg timestamp="20211030 12:43:08.388" level="INFO">Clicking element 'id=submitAccount'.</msg>
<status status="PASS" starttime="20211030 12:43:08.386" endtime="20211030 12:43:12.976"/>
</kw>
<status status="PASS" starttime="20211030 12:42:57.037" endtime="20211030 12:43:12.977"/>
</kw>
<kw name="Conferir se o cadstro foi efetuado com sucesso">
<kw name="Title Should Be" library="SeleniumLibrary">
<arg>My account - My Store</arg>
<doc>Verifies that the current page title equals ``title``.</doc>
<msg timestamp="20211030 12:43:13.016" level="INFO">Page title is 'My account - My Store'.</msg>
<status status="PASS" starttime="20211030 12:43:12.988" endtime="20211030 12:43:13.016"/>
</kw>
<status status="PASS" starttime="20211030 12:43:12.986" endtime="20211030 12:43:13.017"/>
</kw>
<kw name="Fechar navegador" type="TEARDOWN">
<kw name="Capture Page Screenshot" library="SeleniumLibrary">
<doc>Takes a screenshot of the current page and embeds it into a log file.</doc>
<msg timestamp="20211030 12:43:13.484" level="INFO" html="true">&lt;/td&gt;&lt;/tr&gt;&lt;tr&gt;&lt;td colspan="3"&gt;&lt;a href="selenium-screenshot-2.png"&gt;&lt;img src="selenium-screenshot-2.png" width="800px"&gt;&lt;/a&gt;</msg>
<status status="PASS" starttime="20211030 12:43:13.031" endtime="20211030 12:43:13.485"/>
</kw>
<kw name="Close Browser" library="SeleniumLibrary">
<doc>Closes the current browser.</doc>
<status status="PASS" starttime="20211030 12:43:13.485" endtime="20211030 12:43:21.608"/>
</kw>
<status status="PASS" starttime="20211030 12:43:13.029" endtime="20211030 12:43:21.609"/>
</kw>
<tag>004</tag>
<status status="PASS" starttime="20211030 12:42:36.100" endtime="20211030 12:43:21.612"/>
</test>
<doc>Aquui estarão presentes os testes web do curso Primehero
A ideia é criarmos cenarios de verificação com a Library Selenium</doc>
<status status="PASS" starttime="20211030 12:42:34.023" endtime="20211030 12:43:21.620"/>
</suite>
<statistics>
<total>
<stat pass="1" fail="0" skip="0">All Tests</stat>
</total>
<tag>
<stat pass="1" fail="0" skip="0">004</stat>
</tag>
<suite>
<stat pass="1" fail="0" skip="0" id="s1" name="Webautomation">Webautomation</stat>
</suite>
</statistics>
<errors>
</errors>
</robot>
